Arguments: 
  C:\Program Files\nodejs\node.exe C:\Users\gabrielle.alvim\AppData\Roaming\npm\node_modules\yarn\bin\yarn.js test e2e

PATH: 
  C:\Program Files (x86)\Common Files\Oracle\Java\javapath;C:\Python39\Scripts\;C:\Python39\;C:\Windows\system32;C:\Windows;C:\Windows\System32\Wbem;C:\Windows\System32\WindowsPowerShell\v1.0\;C:\Windows\System32\OpenSSH\;C:\ProgramData\chocolatey\bin;C:\Program Files\Git\cmd;C:\Program Files\dotnet\;C:\Program Files\Microsoft SQL Server\130\Tools\Binn\;C:\Program Files\Microsoft SQL Server\Client SDK\ODBC\170\Tools\Binn\;C:\Program Files (x86)\Brackets\command;C:\Program Files (x86)\Microsoft SQL Server\150\Tools\Binn\;C:\Program Files\Microsoft SQL Server\150\Tools\Binn\;C:\Program Files\Microsoft SQL Server\150\DTS\Binn\;C:\Program Files (x86)\Microsoft SQL Server\150\DTS\Binn\;C:\Program Files\Azure Data Studio\bin;C:\Users\gabrielle.alvim\AppData\Roaming\nvm;C:\Program Files\nodejs;C:\Program Files\nodejs\;C:\ProgramData\Microsoft\Windows\Start Menu\Programs\NVM for Windows;C:\Users\gabrielle.alvim\AppData\Local\Programs\Python\Python310\;C:\Program Files\MySQL\MySQL Shell 8.0\bin\;C:\Users\gabrielle.alvim\AppData\Local\Microsoft\WindowsApps;C:\Users\gabrielle.alvim\AppData\Local\Programs\Microsoft VS Code\bin;C:\Users\gabrielle.alvim\AppData\Local\GitHubDesktop\bin;C:\Users\gabrielle.alvim\.dotnet\tools;C:\Program Files\Azure Data Studio\bin;C:\Users\gabrielle.alvim\AppData\Local\Programs\Hyper\resources\bin;C:\ProgramData\Microsoft\Windows\Start Menu\Programs\NVM for Windows;C:\ProgramData\Microsoft\Windows\Start Menu\Programs\NVM for Windows;C:\ProgramData\Microsoft\Windows\Start Menu\Programs\NVM for Windows;C:\Users\gabrielle.alvim\AppData\Roaming\npm

Yarn version: 
  1.22.19

Node version: 
  16.15.0

Platform: 
  win32 x64

Trace: 
  SyntaxError: C:\Users\gabrielle.alvim\Playwright - treinando\package.json: Unexpected token } in JSON at position 276
      at JSON.parse (<anonymous>)
      at C:\Users\gabrielle.alvim\AppData\Roaming\npm\node_modules\yarn\lib\cli.js:1629:59
      at Generator.next (<anonymous>)
      at step (C:\Users\gabrielle.alvim\AppData\Roaming\npm\node_modules\yarn\lib\cli.js:310:30)
      at C:\Users\gabrielle.alvim\AppData\Roaming\npm\node_modules\yarn\lib\cli.js:321:13

npm manifest: 
  {
    "name": "json",
    "version": "1.0.0",
    "main": "index.js",
    "license": "MIT",
    "devDependencies": {
      "@playwright/test": "^1.23.1",
      "playwright": "^1.23.1"
    },
    "scripts": {
      "test:e2e": "yarn playwright test --project e2e --config playwright.config.js",
    }
  }

yarn manifest: 
  No manifest

Lockfile: 
  # THIS IS AN AUTOGENERATED FILE. DO NOT EDIT THIS FILE DIRECTLY.
  # yarn lockfile v1
  
  
  "@playwright/test@^1.23.1":
    version "1.23.1"
    resolved "https://registry.yarnpkg.com/@playwright/test/-/test-1.23.1.tgz#209cceb81c579d1cd2835f15c2bb3a8345103d60"
    integrity sha512-dKplLPSYPZgnsBk1xxOophhpx3ZVg8DveoNJgLPe096lDCfmaIIreLsYF+4hqzy3PG61IP+aEnG5VAOjC3bhbA==
    dependencies:
      "@types/node" "*"
      playwright-core "1.23.1"
  
  "@types/node@*":
    version "17.0.35"
    resolved "https://registry.npmjs.org/@types/node/-/node-17.0.35.tgz"
    integrity sha512-vu1SrqBjbbZ3J6vwY17jBs8Sr/BKA+/a/WtjRG+whKg1iuLFOosq872EXS0eXWILdO36DHQQeku/ZcL6hz2fpg==
  
  playwright-core@1.23.1:
    version "1.23.1"
    resolved "https://registry.npmjs.org/playwright-core/-/playwright-core-1.23.1.tgz"
    integrity sha512-9CXsE0gawph4KXl6oUaa0ehHRySZjHvly4TybcBXDvzK3N3o6L/eZ8Q6iVWUiMn0LLS5bRFxo1qEtOETlYJxjw==
  
  playwright@^1.23.1:
    version "1.23.1"
    resolved "https://registry.yarnpkg.com/playwright/-/playwright-1.23.1.tgz#b029885e995aa1f9626aac851410c5ef615718f4"
    integrity sha512-+lgiy1JZMNPwpBp5tsUdjTGxuJ+lXZbtSKmMDc0/f1oVsNDXXA+r7zeC9Kzd+4jSHteoJJocargxVx2Mn1o2kw==
    dependencies:
      playwright-core "1.23.1"
